[2020-06-22 15:37:49 : INFO] - Re_Smush_It_Task server status: Online 
[2020-06-22 15:37:50 : INFO] - Processing task with ID : 155, and type 'smush' 
[2020-06-22 15:37:50 : INFO] - Processing task with ID : 155, and type 'smush' 
[2020-06-22 15:37:50 : INFO] - Re_Smush_It_Task - attachment ID : 940, started on : June 22, 2020 03:37:50 
[2020-06-22 15:37:50 : INFO] - Re_Smush_It_Task - attachment ID : 940, started on : June 22, 2020 03:37:50 
[2020-06-22 15:37:50 : INFO] - 95 
[2020-06-22 15:37:50 : INFO] - 95 
[2020-06-22 15:37:51 : INFO] - Backing up the original image - 2020/06/Robot_T42020-updraft-pre-smush-original.jpg 
[2020-06-22 15:37:51 : INFO] - Backing up the original image - 2020/06/Robot_T42020-updraft-pre-smush-original.jpg 
[2020-06-22 15:37:51 : INFO] - Re_Smush_It_Task - attachment ID : 940, started on : June 22, 2020 03:37:50 
[2020-06-22 15:37:51 : INFO] - Re_Smush_It_Task - attachment ID : 940, started on : June 22, 2020 03:37:50 
[2020-06-22 15:37:51 : INFO] - 95 
[2020-06-22 15:37:51 : INFO] - 95 
[2020-06-22 15:37:52 : INFO] - Re_Smush_It_Task - attachment ID : 940, started on : June 22, 2020 03:37:50 
[2020-06-22 15:37:52 : INFO] - Re_Smush_It_Task - attachment ID : 940, started on : June 22, 2020 03:37:50 
[2020-06-22 15:37:52 : INFO] - 95 
[2020-06-22 15:37:52 : INFO] - 95 
[2020-06-22 15:37:54 : INFO] - Re_Smush_It_Task - attachment ID : 940, started on : June 22, 2020 03:37:50 
[2020-06-22 15:37:54 : INFO] - Re_Smush_It_Task - attachment ID : 940, started on : June 22, 2020 03:37:50 
[2020-06-22 15:37:54 : INFO] - 95 
[2020-06-22 15:37:54 : INFO] - 95 
[2020-06-22 15:37:55 : INFO] - Re_Smush_It_Task - attachment ID : 940, started on : June 22, 2020 03:37:50 
[2020-06-22 15:37:55 : INFO] - Re_Smush_It_Task - attachment ID : 940, started on : June 22, 2020 03:37:50 
[2020-06-22 15:37:55 : INFO] - 95 
[2020-06-22 15:37:55 : INFO] - 95 
[2020-06-22 15:37:56 : INFO] - Re_Smush_It_Task - attachment ID : 940, started on : June 22, 2020 03:37:50 
[2020-06-22 15:37:56 : INFO] - Re_Smush_It_Task - attachment ID : 940, started on : June 22, 2020 03:37:50 
[2020-06-22 15:37:56 : INFO] - 95 
[2020-06-22 15:37:56 : INFO] - 95 
[2020-06-22 15:37:57 : INFO] - Re_Smush_It_Task - attachment ID : 940, started on : June 22, 2020 03:37:50 
[2020-06-22 15:37:57 : INFO] - Re_Smush_It_Task - attachment ID : 940, started on : June 22, 2020 03:37:50 
[2020-06-22 15:37:57 : INFO] - 95 
[2020-06-22 15:37:57 : INFO] - 95 
[2020-06-22 15:37:58 : INFO] - Re_Smush_It_Task - attachment ID : 940, started on : June 22, 2020 03:37:50 
[2020-06-22 15:37:58 : INFO] - Re_Smush_It_Task - attachment ID : 940, started on : June 22, 2020 03:37:50 
[2020-06-22 15:37:58 : INFO] - 95 
[2020-06-22 15:37:58 : INFO] - 95 
[2020-06-22 15:37:59 : INFO] - Re_Smush_It_Task - attachment ID : 940, started on : June 22, 2020 03:37:50 
[2020-06-22 15:37:59 : INFO] - Re_Smush_It_Task - attachment ID : 940, started on : June 22, 2020 03:37:50 
[2020-06-22 15:37:59 : INFO] - 95 
[2020-06-22 15:37:59 : INFO] - 95 
[2020-06-22 15:38:00 : INFO] - Successfully optimized the image - /home/demo.websitedep.com.vn/public_html/hongngoc/wp-content/uploads/2020/06/Robot_T42020.jpg.The file was compressed from 54.27 KB to 52.70 KB saving 2.9 percent using WP-Optimize 
[2020-06-22 15:38:00 : INFO] - Successfully optimized the image - /home/demo.websitedep.com.vn/public_html/hongngoc/wp-content/uploads/2020/06/Robot_T42020.jpg.The file was compressed from 54.27 KB to 52.70 KB saving 2.9 percent using WP-Optimize 
[2020-06-22 15:38:00 : INFO] - Completed processing task with ID : 155, and type 'smush' 
[2020-06-22 15:38:00 : INFO] - Completed processing task with ID : 155, and type 'smush' 
[2020-06-22 15:38:28 : INFO] - Re_Smush_It_Task server status: Online 
[2020-06-22 15:38:28 : INFO] - Processing task with ID : 156, and type 'smush' 
[2020-06-22 15:38:28 : INFO] - Processing task with ID : 156, and type 'smush' 
[2020-06-22 15:38:28 : INFO] - Re_Smush_It_Task - attachment ID : 946, started on : June 22, 2020 03:38:28 
[2020-06-22 15:38:28 : INFO] - Re_Smush_It_Task - attachment ID : 946, started on : June 22, 2020 03:38:28 
[2020-06-22 15:38:28 : INFO] - 95 
[2020-06-22 15:38:28 : INFO] - 95 
[2020-06-22 15:38:29 : INFO] - Backing up the original image - 2020/06/bg2-updraft-pre-smush-original.jpg 
[2020-06-22 15:38:29 : INFO] - Backing up the original image - 2020/06/bg2-updraft-pre-smush-original.jpg 
[2020-06-22 15:38:29 : INFO] - Re_Smush_It_Task - attachment ID : 946, started on : June 22, 2020 03:38:28 
[2020-06-22 15:38:29 : INFO] - Re_Smush_It_Task - attachment ID : 946, started on : June 22, 2020 03:38:28 
[2020-06-22 15:38:29 : INFO] - 95 
[2020-06-22 15:38:29 : INFO] - 95 
[2020-06-22 15:38:30 : INFO] - Re_Smush_It_Task - attachment ID : 946, started on : June 22, 2020 03:38:28 
[2020-06-22 15:38:30 : INFO] - Re_Smush_It_Task - attachment ID : 946, started on : June 22, 2020 03:38:28 
[2020-06-22 15:38:30 : INFO] - 95 
[2020-06-22 15:38:30 : INFO] - 95 
[2020-06-22 15:38:31 : INFO] - Re_Smush_It_Task - attachment ID : 946, started on : June 22, 2020 03:38:28 
[2020-06-22 15:38:31 : INFO] - Re_Smush_It_Task - attachment ID : 946, started on : June 22, 2020 03:38:28 
[2020-06-22 15:38:31 : INFO] - 95 
[2020-06-22 15:38:31 : INFO] - 95 
[2020-06-22 15:38:32 : INFO] - Re_Smush_It_Task - attachment ID : 946, started on : June 22, 2020 03:38:28 
[2020-06-22 15:38:32 : INFO] - Re_Smush_It_Task - attachment ID : 946, started on : June 22, 2020 03:38:28 
[2020-06-22 15:38:32 : INFO] - 95 
[2020-06-22 15:38:32 : INFO] - 95 
[2020-06-22 15:38:33 : INFO] - Re_Smush_It_Task - attachment ID : 946, started on : June 22, 2020 03:38:28 
[2020-06-22 15:38:33 : INFO] - Re_Smush_It_Task - attachment ID : 946, started on : June 22, 2020 03:38:28 
[2020-06-22 15:38:33 : INFO] - 95 
[2020-06-22 15:38:33 : INFO] - 95 
[2020-06-22 15:38:34 : INFO] - Re_Smush_It_Task - attachment ID : 946, started on : June 22, 2020 03:38:28 
[2020-06-22 15:38:34 : INFO] - Re_Smush_It_Task - attachment ID : 946, started on : June 22, 2020 03:38:28 
[2020-06-22 15:38:34 : INFO] - 95 
[2020-06-22 15:38:34 : INFO] - 95 
[2020-06-22 15:38:35 : INFO] - Re_Smush_It_Task - attachment ID : 946, started on : June 22, 2020 03:38:28 
[2020-06-22 15:38:35 : INFO] - Re_Smush_It_Task - attachment ID : 946, started on : June 22, 2020 03:38:28 
[2020-06-22 15:38:35 : INFO] - 95 
[2020-06-22 15:38:35 : INFO] - 95 
[2020-06-22 15:38:36 : INFO] - Re_Smush_It_Task - attachment ID : 946, started on : June 22, 2020 03:38:28 
[2020-06-22 15:38:36 : INFO] - Re_Smush_It_Task - attachment ID : 946, started on : June 22, 2020 03:38:28 
[2020-06-22 15:38:36 : INFO] - 95 
[2020-06-22 15:38:36 : INFO] - 95 
[2020-06-22 15:38:37 : INFO] - Successfully optimized the image - /home/demo.websitedep.com.vn/public_html/hongngoc/wp-content/uploads/2020/06/bg2.jpg.The file was compressed from 10.49 KB to 10.49 KB saving 0 percent using WP-Optimize 
[2020-06-22 15:38:37 : INFO] - Successfully optimized the image - /home/demo.websitedep.com.vn/public_html/hongngoc/wp-content/uploads/2020/06/bg2.jpg.The file was compressed from 10.49 KB to 10.49 KB saving 0 percent using WP-Optimize 
[2020-06-22 15:38:37 : INFO] - Completed processing task with ID : 156, and type 'smush' 
[2020-06-22 15:38:37 : INFO] - Completed processing task with ID : 156, and type 'smush' 
